**** Incremental Build [Wed, 8 Nov 2017 13:12:31] ****
 Project: Audio
 Configuration: hifi3_bd5
 Build Target: Debug
********************************
/home/ranjani/xtensa/XtDevTools/install/tools/RG-2017.6-linux/XtensaTools/bin/xt-xcc -c -g -O3 -fmessage-length=0 -I /home/ranjani/xtensa/Xplorer-7.0.6-workspaces/workspace/Audio -DPROC_hifi3_bd5 -DCONFIG_hifi3_bd5 --xtensa-system=/home/ranjani/xtensa/XtDevTools/install/builds/RG-2017.6-linux/hifi3_bd5/config --xtensa-core=hifi3_bd5 --xtensa-params= /home/ranjani/xtensa/Xplorer-7.0.6-workspaces/workspace/Audio/fft.c -o /home/ranjani/xtensa/Xplorer-7.0.6-workspaces/workspace/Audio/bin/hifi3_bd5/Debug/fft.o
Time taken: 14095 ms
/home/ranjani/xtensa/XtDevTools/install/tools/RG-2017.6-linux/XtensaTools/bin/xt-xc++ -Wl,@/home/ranjani/xtensa/Xplorer-7.0.6-workspaces/workspace/Audio/bin/hifi3_bd5/Debug/objfiles.list -o /home/ranjani/xtensa/Xplorer-7.0.6-workspaces/workspace/Audio/bin/hifi3_bd5/Debug/Audio.minsize -mlsp=sim -Wl,-r -nostdlib --xtensa-system=/home/ranjani/xtensa/XtDevTools/install/builds/RG-2017.6-linux/hifi3_bd5/config --xtensa-core=hifi3_bd5 --xtensa-params=
Time taken: 72 ms
/home/ranjani/xtensa/XtDevTools/install/tools/RG-2017.6-linux/XtensaTools/bin/xt-xc++ -Wl,@/home/ranjani/xtensa/Xplorer-7.0.6-workspaces/workspace/Audio/bin/hifi3_bd5/Debug/objfiles.list -o /home/ranjani/xtensa/Xplorer-7.0.6-workspaces/workspace/Audio/bin/hifi3_bd5/Debug/Audio -mlsp=sim --xtensa-system=/home/ranjani/xtensa/XtDevTools/install/builds/RG-2017.6-linux/hifi3_bd5/config --xtensa-core=hifi3_bd5 --xtensa-params=
Time taken: 221 ms
******* Code size summary *****
/home/ranjani/xtensa/XtDevTools/install/tools/RG-2017.6-linux/XtensaTools/bin/xt-size -C /home/ranjani/xtensa/Xplorer-7.0.6-workspaces/workspace/Audio/bin/hifi3_bd5/Debug/Audio
TYPE   	   text	 rodata	   data	    bss	    dec    hex	filename
code   	  37474	      0	      0	      0	  37474	   9262	/home/ranjani/xtensa/Xplorer-7.0.6-workspaces/workspace/Audio/bin/hifi3_bd5/Debug/Audio
literal	    824	      0	      0	      0	    824	    338	/home/ranjani/xtensa/Xplorer-7.0.6-workspaces/workspace/Audio/bin/hifi3_bd5/Debug/Audio
other  	   1238	   3432	   9188	   1096	  14954	   3a6a	/home/ranjani/xtensa/Xplorer-7.0.6-workspaces/workspace/Audio/bin/hifi3_bd5/Debug/Audio
Total  	  39536	   3432	   9188	   1096	  53252	   d004	/home/ranjani/xtensa/Xplorer-7.0.6-workspaces/workspace/Audio/bin/hifi3_bd5/Debug/Audio
Time taken: 65 ms
******* ************** *****
Build successful !!
Total time taken: 14.906 secs
**** Build Finished [Wed, 8 Nov 2017 13:12:46] ****
